D:\software\vs2017\Common7\IDE\VC\VCTargets\Microsoft.CppBuild.targets(387,5): warning MSB8028: 中间目录(Debug\)包含从另一个项目(单链表.vcxproj)共享的文件。   这会导致错误的清除和重新生成行为。
  __main.c
d:\data\vs2017projects\datastructure\链表\单链表\单链表\__main.c(6): warning C4013: “SLL_test”未定义；假设外部返回 int
d:\data\vs2017projects\datastructure\链表\单链表\单链表\__main.c(9): warning C4013: “system”未定义；假设外部返回 int
  StaticLinkList.c
  SingleLinkList.c
d:\data\vs2017projects\datastructure\链表\单链表\单链表\singlelinklist.c(63): warning C4996: 'scanf': This function or variable may be unsafe. Consider using scanf_s instead. To disable deprecation, use _CRT_SECURE_NO_WARNINGS. See online help for details.
  c:\program files (x86)\windows kits\10\include\10.0.15063.0\ucrt\stdio.h(1272): note: 参见“scanf”的声明
d:\data\vs2017projects\datastructure\链表\单链表\单链表\singlelinklist.c(70): warning C4996: 'scanf': This function or variable may be unsafe. Consider using scanf_s instead. To disable deprecation, use _CRT_SECURE_NO_WARNINGS. See online help for details.
  c:\program files (x86)\windows kits\10\include\10.0.15063.0\ucrt\stdio.h(1272): note: 参见“scanf”的声明
d:\data\vs2017projects\datastructure\链表\单链表\单链表\singlelinklist.c(83): warning C4996: 'scanf': This function or variable may be unsafe. Consider using scanf_s instead. To disable deprecation, use _CRT_SECURE_NO_WARNINGS. See online help for details.
  c:\program files (x86)\windows kits\10\include\10.0.15063.0\ucrt\stdio.h(1272): note: 参见“scanf”的声明
d:\data\vs2017projects\datastructure\链表\单链表\单链表\singlelinklist.c(105): warning C4996: 'scanf': This function or variable may be unsafe. Consider using scanf_s instead. To disable deprecation, use _CRT_SECURE_NO_WARNINGS. See online help for details.
  c:\program files (x86)\windows kits\10\include\10.0.15063.0\ucrt\stdio.h(1272): note: 参见“scanf”的声明
d:\data\vs2017projects\datastructure\链表\单链表\单链表\singlelinklist.c(117): warning C4996: 'scanf': This function or variable may be unsafe. Consider using scanf_s instead. To disable deprecation, use _CRT_SECURE_NO_WARNINGS. See online help for details.
  c:\program files (x86)\windows kits\10\include\10.0.15063.0\ucrt\stdio.h(1272): note: 参见“scanf”的声明
d:\data\vs2017projects\datastructure\链表\单链表\单链表\singlelinklist.c(135): warning C4013: “time”未定义；假设外部返回 int
d:\data\vs2017projects\datastructure\链表\单链表\单链表\singlelinklist.c(138): warning C4996: 'scanf': This function or variable may be unsafe. Consider using scanf_s instead. To disable deprecation, use _CRT_SECURE_NO_WARNINGS. See online help for details.
  c:\program files (x86)\windows kits\10\include\10.0.15063.0\ucrt\stdio.h(1272): note: 参见“scanf”的声明
  正在生成代码...
  单链表.vcxproj -> D:\data\vs2017projects\dataStructure\链表\单链表\Debug\链表.exe
  单链表.vcxproj -> D:\data\vs2017projects\dataStructure\链表\单链表\Debug\链表.pdb (Partial PDB)
